<?xml version="1.0" encoding="UTF-8"?>
<!-- Generated by org.testng.reporters.JUnitReportReporter -->
<testsuite hostname="Tharunikaaaaa" failures="0" tests="1" name="test.TC_002LoginTest" time="7.978" errors="0" timestamp="2025-04-01T21:10:04 IST" skipped="0">
  <testcase classname="test.TC_002LoginTest" name="loginTest" time="7.978"/>
</testsuite> <!-- test.TC_002LoginTest -->
