<?xml version="1.0" encoding="UTF-8"?>
<!-- Generated by org.testng.reporters.JUnitReportReporter -->
<testsuite hostname="Tharunikaaaaa" failures="0" tests="1" name="test.TC_005ContactdetailsTest" time="8.246" errors="0" timestamp="2025-04-01T21:10:04 IST" skipped="0">
  <testcase classname="test.TC_005ContactdetailsTest" name="Contactdetailsreturn" time="8.246"/>
</testsuite> <!-- test.TC_005ContactdetailsTest -->
