<?xml version="1.0" encoding="UTF-8"?>
<!-- Generated by org.testng.reporters.JUnitReportReporter -->
<testsuite hostname="Tharunikaaaaa" failures="0" tests="1" name="test.TC_003LogoutTest" time="5.318" errors="0" timestamp="2025-04-01T21:10:04 IST" skipped="0">
  <testcase classname="test.TC_003LogoutTest" name="logoutTest" time="5.318"/>
</testsuite> <!-- test.TC_003LogoutTest -->
